<?xml version="1.0" encoding="UTF-8"?>
<testng-results skipped="0" failed="1" total="4" passed="3">
  <reporter-output>
  </reporter-output>
  <suite name="Default suite" duration-ms="128953" started-at="2016-09-28T15:19:35Z" finished-at="2016-09-28T15:21:44Z">
    <groups>
    </groups>
    <test name="Default test" duration-ms="128953" started-at="2016-09-28T15:19:35Z" finished-at="2016-09-28T15:21:44Z">
      <class name="test.AddMultipleCompanyDetailsTest">
        <test-method status="PASS" signature="setup()[pri:0, instance:test.AddMultipleCompanyDetailsTest@523884b2]" name="setup" is-config="true" duration-ms="50" started-at="2016-09-28T09:19:35Z" finished-at="2016-09-28T09:19:35Z">
          <reporter-output>
          </reporter-output>
        </test-method> <!-- setup -->
        <test-method status="PASS" signature="csvTest(java.lang.String, java.lang.String, java.lang.String, java.lang.String, java.lang.String, java.lang.String, java.lang.String, java.lang.String, java.lang.String, java.lang.String, java.lang.String, java.lang.String, java.lang.String, java.lang.String, java.lang.String, java.lang.String, java.lang.String, java.lang.String, java.lang.String, java.lang.String, java.lang.String, java.lang.String, java.lang.String, java.lang.String, java.lang.String, java.lang.String, java.lang.String, java.lang.String, java.lang.String, java.lang.String, java.lang.String, java.lang.String, java.lang.String, java.lang.String, java.lang.String, java.lang.String, java.lang.String, java.lang.String, java.lang.String, java.lang.String, java.lang.String, java.lang.String, java.lang.String, java.lang.String, java.lang.String, java.lang.String, java.lang.String, java.lang.String, java.lang.String, java.lang.String, java.lang.String, java.lang.String, java.lang.String, java.lang.String, java.lang.String, java.lang.String)[pri:0, instance:test.AddMultipleCompanyDetailsTest@523884b2]" name="csvTest" duration-ms="37921" started-at="2016-09-28T09:19:35Z" data-provider="importedData" finished-at="2016-09-28T09:20:13Z">
          <params>
            <param index="0">
              <value>
                <![CDATA[1]]>
              </value>
            </param>
            <param index="1">
              <value>
                <![CDATA[U]]>
              </value>
            </param>
            <param index="2">
              <value>
                <![CDATA[A]]>
              </value>
            </param>
            <param index="3">
              <value>
                <![CDATA[0]]>
              </value>
            </param>
            <param index="4">
              <value>
                <![CDATA[ATB Single Company Auto #1]]>
              </value>
            </param>
            <param index="5">
              <value>
                <![CDATA[321BankStreet]]>
              </value>
            </param>
            <param index="6">
              <value>
                <![CDATA[Montreal]]>
              </value>
            </param>
            <param index="7">
              <value>
                <![CDATA[QC]]>
              </value>
            </param>
            <param index="8">
              <value>
                <![CDATA[K0M1A0]]>
              </value>
            </param>
            <param index="9">
              <value>
                <![CDATA[AndrewPasquale]]>
              </value>
            </param>
            <param index="10">
              <value>
                <![CDATA[9999999999]]>
              </value>
            </param>
            <param index="11">
              <value>
                <![CDATA[9999999999]]>
              </value>
            </param>
            <param index="12">
              <value>
                <![CDATA[andrew.pasquale@telus.com]]>
              </value>
            </param>
            <param index="13">
              <value>
                <![CDATA[E]]>
              </value>
            </param>
            <param index="14">
              <value>
                <![CDATA[0]]>
              </value>
            </param>
            <param index="15">
              <value>
                <![CDATA[1000]]>
              </value>
            </param>
            <param index="16">
              <value>
                <![CDATA[]]>
              </value>
            </param>
            <param index="17">
              <value>
                <![CDATA[]]>
              </value>
            </param>
            <param index="18">
              <value>
                <![CDATA[9999]]>
              </value>
            </param>
            <param index="19">
              <value>
                <![CDATA[]]>
              </value>
            </param>
            <param index="20">
              <value>
                <![CDATA[1]]>
              </value>
            </param>
            <param index="21">
              <value>
                <![CDATA[0]]>
              </value>
            </param>
            <param index="22">
              <value>
                <![CDATA[N]]>
              </value>
            </param>
            <param index="23">
              <value>
                <![CDATA[N]]>
              </value>
            </param>
            <param index="24">
              <value>
                <![CDATA[Y]]>
              </value>
            </param>
            <param index="25">
              <value>
                <![CDATA[1.1]]>
              </value>
            </param>
            <param index="26">
              <value>
                <![CDATA[Y]]>
              </value>
            </param>
            <param index="27">
              <value>
                <![CDATA[1]]>
              </value>
            </param>
            <param index="28">
              <value>
                <![CDATA[Y]]>
              </value>
            </param>
            <param index="29">
              <value>
                <![CDATA[1.3]]>
              </value>
            </param>
            <param index="30">
              <value>
                <![CDATA[N]]>
              </value>
            </param>
            <param index="31">
              <value>
                <![CDATA[N]]>
              </value>
            </param>
            <param index="32">
              <value>
                <![CDATA[Y]]>
              </value>
            </param>
            <param index="33">
              <value>
                <![CDATA[1.5]]>
              </value>
            </param>
            <param index="34">
              <value>
                <![CDATA[Y]]>
              </value>
            </param>
            <param index="35">
              <value>
                <![CDATA[1.6]]>
              </value>
            </param>
            <param index="36">
              <value>
                <![CDATA[Y]]>
              </value>
            </param>
            <param index="37">
              <value>
                <![CDATA[1.7]]>
              </value>
            </param>
            <param index="38">
              <value>
                <![CDATA[N]]>
              </value>
            </param>
            <param index="39">
              <value>
                <![CDATA[N]]>
              </value>
            </param>
            <param index="40">
              <value>
                <![CDATA[Y]]>
              </value>
            </param>
            <param index="41">
              <value>
                <![CDATA[1.9]]>
              </value>
            </param>
            <param index="42">
              <value>
                <![CDATA[Y]]>
              </value>
            </param>
            <param index="43">
              <value>
                <![CDATA[0]]>
              </value>
            </param>
            <param index="44">
              <value>
                <![CDATA[Y]]>
              </value>
            </param>
            <param index="45">
              <value>
                <![CDATA[0]]>
              </value>
            </param>
            <param index="46">
              <value>
                <![CDATA[Y]]>
              </value>
            </param>
            <param index="47">
              <value>
                <![CDATA[12345]]>
              </value>
            </param>
            <param index="48">
              <value>
                <![CDATA[999999999]]>
              </value>
            </param>
            <param index="49">
              <value>
                <![CDATA[]]>
              </value>
            </param>
            <param index="50">
              <value>
                <![CDATA[N]]>
              </value>
            </param>
            <param index="51">
              <value>
                <![CDATA[]]>
              </value>
            </param>
            <param index="52">
              <value>
                <![CDATA[]]>
              </value>
            </param>
            <param index="53">
              <value>
                <![CDATA[]]>
              </value>
            </param>
            <param index="54">
              <value>
                <![CDATA[0]]>
              </value>
            </param>
            <param index="55">
              <value>
                <![CDATA[1]]>
              </value>
            </param>
          </params>
          <reporter-output>
          </reporter-output>
        </test-method> <!-- csvTest -->
        <test-method status="FAIL" signature="csvTest(java.lang.String, java.lang.String, java.lang.String, java.lang.String, java.lang.String, java.lang.String, java.lang.String, java.lang.String, java.lang.String, java.lang.String, java.lang.String, java.lang.String, java.lang.String, java.lang.String, java.lang.String, java.lang.String, java.lang.String, java.lang.String, java.lang.String, java.lang.String, java.lang.String, java.lang.String, java.lang.String, java.lang.String, java.lang.String, java.lang.String, java.lang.String, java.lang.String, java.lang.String, java.lang.String, java.lang.String, java.lang.String, java.lang.String, java.lang.String, java.lang.String, java.lang.String, java.lang.String, java.lang.String, java.lang.String, java.lang.String, java.lang.String, java.lang.String, java.lang.String, java.lang.String, java.lang.String, java.lang.String, java.lang.String, java.lang.String, java.lang.String, java.lang.String, java.lang.String, java.lang.String, java.lang.String, java.lang.String, java.lang.String, java.lang.String)[pri:0, instance:test.AddMultipleCompanyDetailsTest@523884b2]" name="csvTest" duration-ms="13595" started-at="2016-09-28T09:20:13Z" data-provider="importedData" finished-at="2016-09-28T09:20:26Z">
          <params>
            <param index="0">
              <value>
                <![CDATA[1]]>
              </value>
            </param>
            <param index="1">
              <value>
                <![CDATA[U]]>
              </value>
            </param>
            <param index="2">
              <value>
                <![CDATA[A]]>
              </value>
            </param>
            <param index="3">
              <value>
                <![CDATA[0]]>
              </value>
            </param>
            <param index="4">
              <value>
                <![CDATA[BAML Single Company Auto #2]]>
              </value>
            </param>
            <param index="5">
              <value>
                <![CDATA[321BankStreet]]>
              </value>
            </param>
            <param index="6">
              <value>
                <![CDATA[Montreal]]>
              </value>
            </param>
            <param index="7">
              <value>
                <![CDATA[QC]]>
              </value>
            </param>
            <param index="8">
              <value>
                <![CDATA[K0M1A0]]>
              </value>
            </param>
            <param index="9">
              <value>
                <![CDATA[AndrewPasquale]]>
              </value>
            </param>
            <param index="10">
              <value>
                <![CDATA[9999999999]]>
              </value>
            </param>
            <param index="11">
              <value>
                <![CDATA[9999999999]]>
              </value>
            </param>
            <param index="12">
              <value>
                <![CDATA[andrew.pasquale@telus.com]]>
              </value>
            </param>
            <param index="13">
              <value>
                <![CDATA[E]]>
              </value>
            </param>
            <param index="14">
              <value>
                <![CDATA[0]]>
              </value>
            </param>
            <param index="15">
              <value>
                <![CDATA[1000]]>
              </value>
            </param>
            <param index="16">
              <value>
                <![CDATA[]]>
              </value>
            </param>
            <param index="17">
              <value>
                <![CDATA[]]>
              </value>
            </param>
            <param index="18">
              <value>
                <![CDATA[9999]]>
              </value>
            </param>
            <param index="19">
              <value>
                <![CDATA[]]>
              </value>
            </param>
            <param index="20">
              <value>
                <![CDATA[1]]>
              </value>
            </param>
            <param index="21">
              <value>
                <![CDATA[0]]>
              </value>
            </param>
            <param index="22">
              <value>
                <![CDATA[N]]>
              </value>
            </param>
            <param index="23">
              <value>
                <![CDATA[N]]>
              </value>
            </param>
            <param index="24">
              <value>
                <![CDATA[Y]]>
              </value>
            </param>
            <param index="25">
              <value>
                <![CDATA[1.1]]>
              </value>
            </param>
            <param index="26">
              <value>
                <![CDATA[Y]]>
              </value>
            </param>
            <param index="27">
              <value>
                <![CDATA[1]]>
              </value>
            </param>
            <param index="28">
              <value>
                <![CDATA[Y]]>
              </value>
            </param>
            <param index="29">
              <value>
                <![CDATA[1.3]]>
              </value>
            </param>
            <param index="30">
              <value>
                <![CDATA[N]]>
              </value>
            </param>
            <param index="31">
              <value>
                <![CDATA[N]]>
              </value>
            </param>
            <param index="32">
              <value>
                <![CDATA[Y]]>
              </value>
            </param>
            <param index="33">
              <value>
                <![CDATA[1.5]]>
              </value>
            </param>
            <param index="34">
              <value>
                <![CDATA[Y]]>
              </value>
            </param>
            <param index="35">
              <value>
                <![CDATA[1.6]]>
              </value>
            </param>
            <param index="36">
              <value>
                <![CDATA[Y]]>
              </value>
            </param>
            <param index="37">
              <value>
                <![CDATA[1.7]]>
              </value>
            </param>
            <param index="38">
              <value>
                <![CDATA[N]]>
              </value>
            </param>
            <param index="39">
              <value>
                <![CDATA[N]]>
              </value>
            </param>
            <param index="40">
              <value>
                <![CDATA[Y]]>
              </value>
            </param>
            <param index="41">
              <value>
                <![CDATA[1.9]]>
              </value>
            </param>
            <param index="42">
              <value>
                <![CDATA[Y]]>
              </value>
            </param>
            <param index="43">
              <value>
                <![CDATA[0]]>
              </value>
            </param>
            <param index="44">
              <value>
                <![CDATA[Y]]>
              </value>
            </param>
            <param index="45">
              <value>
                <![CDATA[0]]>
              </value>
            </param>
            <param index="46">
              <value>
                <![CDATA[Y]]>
              </value>
            </param>
            <param index="47">
              <value>
                <![CDATA[12345]]>
              </value>
            </param>
            <param index="48">
              <value>
                <![CDATA[999999999]]>
              </value>
            </param>
            <param index="49">
              <value>
                <![CDATA[]]>
              </value>
            </param>
            <param index="50">
              <value>
                <![CDATA[N]]>
              </value>
            </param>
            <param index="51">
              <value>
                <![CDATA[]]>
              </value>
            </param>
            <param index="52">
              <value>
                <![CDATA[]]>
              </value>
            </param>
            <param index="53">
              <value>
                <![CDATA[]]>
              </value>
            </param>
            <param index="54">
              <value>
                <![CDATA[0]]>
              </value>
            </param>
            <param index="55">
              <value>
                <![CDATA[1]]>
              </value>
            </param>
          </params>
          <exception class="org.openqa.selenium.NoSuchElementException">
            <message>
              <![CDATA[Unable to locate element: //*[@id='layoutFormID:menuBarID']/ul/li[1]/ul/li[4]/a/span (WARNING: The server did not provide any stacktrace information)
Command duration or timeout: 8 milliseconds
For documentation on this error, please visit: http://seleniumhq.org/exceptions/no_such_element.html
Build info: version: 'unknown', revision: 'c7b525d', time: '2016-09-01 14:52:30 -0700'
System info: host: 'WPM-ITO-EGALLAR', ip: '142.63.5.39', os.name: 'Windows 10', os.arch: 'amd64', os.version: '10.0', java.version: '1.8.0_91'
Driver info: org.openqa.selenium.firefox.FirefoxDriver
Capabilities [{rotatable=false, raisesAccessibilityExceptions=false, appBuildId=20160922113459, version=, platform=XP, proxy={}, command_id=1, specificationLevel=0, acceptSslCerts=false, processId=49172, browserVersion=49.0.1, platformVersion=10.0, XULappId={ec8030f7-c20a-464f-9b0e-13a3a9e97384}, browserName=firefox, takesScreenshot=true, takesElementScreenshot=true, platformName=windows_nt, device=desktop}]
Session ID: 66f27b4e-6794-439e-8d1f-cf5c4963096d
*** Element info: {Using=xpath, value=//*[@id='layoutFormID:menuBarID']/ul/li[1]/ul/li[4]/a/span}]]>
            </message>
            <full-stacktrace>
              <![CDATA[org.openqa.selenium.NoSuchElementException: Unable to locate element: //*[@id='layoutFormID:menuBarID']/ul/li[1]/ul/li[4]/a/span (WARNING: The server did not provide any stacktrace information)
Command duration or timeout: 8 milliseconds
For documentation on this error, please visit: http://seleniumhq.org/exceptions/no_such_element.html
Build info: version: 'unknown', revision: 'c7b525d', time: '2016-09-01 14:52:30 -0700'
System info: host: 'WPM-ITO-EGALLAR', ip: '142.63.5.39', os.name: 'Windows 10', os.arch: 'amd64', os.version: '10.0', java.version: '1.8.0_91'
Driver info: org.openqa.selenium.firefox.FirefoxDriver
Capabilities [{rotatable=false, raisesAccessibilityExceptions=false, appBuildId=20160922113459, version=, platform=XP, proxy={}, command_id=1, specificationLevel=0, acceptSslCerts=false, processId=49172, browserVersion=49.0.1, platformVersion=10.0, XULappId={ec8030f7-c20a-464f-9b0e-13a3a9e97384}, browserName=firefox, takesScreenshot=true, takesElementScreenshot=true, platformName=windows_nt, device=desktop}]
Session ID: 66f27b4e-6794-439e-8d1f-cf5c4963096d
*** Element info: {Using=xpath, value=//*[@id='layoutFormID:menuBarID']/ul/li[1]/ul/li[4]/a/span}
	at sun.reflect.NativeConstructorAccessorImpl.newInstance0(Native Method)
	at sun.reflect.NativeConstructorAccessorImpl.newInstance(NativeConstructorAccessorImpl.java:62)
	at sun.reflect.DelegatingConstructorAccessorImpl.newInstance(DelegatingConstructorAccessorImpl.java:45)
	at java.lang.reflect.Constructor.newInstance(Constructor.java:423)
	at org.openqa.selenium.remote.ErrorHandler.createThrowable(ErrorHandler.java:206)
	at org.openqa.selenium.remote.ErrorHandler.throwIfResponseFailed(ErrorHandler.java:158)
	at org.openqa.selenium.remote.RemoteWebDriver.execute(RemoteWebDriver.java:631)
	at org.openqa.selenium.remote.RemoteWebDriver.findElement(RemoteWebDriver.java:369)
	at org.openqa.selenium.remote.RemoteWebDriver.findElementByXPath(RemoteWebDriver.java:474)
	at org.openqa.selenium.By$ByXPath.findElement(By.java:361)
	at org.openqa.selenium.remote.RemoteWebDriver.findElement(RemoteWebDriver.java:361)
	at com.poc.test.Constants.loadMenuWebElments(Constants.java:49)
	at test.AddMultipleCompanyDetailsTest.csvTest(AddMultipleCompanyDetailsTest.java:219)
	at sun.reflect.NativeMethodAccessorImpl.invoke0(Native Method)
	at sun.reflect.NativeMethodAccessorImpl.invoke(NativeMethodAccessorImpl.java:62)
	at sun.reflect.DelegatingMethodAccessorImpl.invoke(DelegatingMethodAccessorImpl.java:43)
	at java.lang.reflect.Method.invoke(Method.java:498)
	at org.testng.internal.MethodInvocationHelper.invokeMethod(MethodInvocationHelper.java:100)
	at org.testng.internal.Invoker.invokeMethod(Invoker.java:646)
	at org.testng.internal.Invoker.invokeTestMethod(Invoker.java:811)
	at org.testng.internal.Invoker.invokeTestMethods(Invoker.java:1129)
	at org.testng.internal.TestMethodWorker.invokeTestMethods(TestMethodWorker.java:129)
	at org.testng.internal.TestMethodWorker.run(TestMethodWorker.java:112)
	at org.testng.TestRunner.privateRun(TestRunner.java:746)
	at org.testng.TestRunner.run(TestRunner.java:600)
	at org.testng.SuiteRunner.runTest(SuiteRunner.java:366)
	at org.testng.SuiteRunner.runSequentially(SuiteRunner.java:361)
	at org.testng.SuiteRunner.privateRun(SuiteRunner.java:319)
	at org.testng.SuiteRunner.run(SuiteRunner.java:268)
	at org.testng.SuiteRunnerWorker.runSuite(SuiteRunnerWorker.java:52)
	at org.testng.SuiteRunnerWorker.run(SuiteRunnerWorker.java:86)
	at org.testng.TestNG.runSuitesSequentially(TestNG.java:1264)
	at org.testng.TestNG.runSuitesLocally(TestNG.java:1189)
	at org.testng.TestNG.runSuites(TestNG.java:1104)
	at org.testng.TestNG.run(TestNG.java:1076)
	at org.testng.remote.AbstractRemoteTestNG.run(AbstractRemoteTestNG.java:126)
	at org.testng.remote.RemoteTestNG.initAndRun(RemoteTestNG.java:152)
	at org.testng.remote.RemoteTestNG.main(RemoteTestNG.java:57)
]]>
            </full-stacktrace>
          </exception> <!-- org.openqa.selenium.NoSuchElementException -->
          <reporter-output>
          </reporter-output>
        </test-method> <!-- csvTest -->
        <test-method status="PASS" signature="csvTest(java.lang.String, java.lang.String, java.lang.String, java.lang.String, java.lang.String, java.lang.String, java.lang.String, java.lang.String, java.lang.String, java.lang.String, java.lang.String, java.lang.String, java.lang.String, java.lang.String, java.lang.String, java.lang.String, java.lang.String, java.lang.String, java.lang.String, java.lang.String, java.lang.String, java.lang.String, java.lang.String, java.lang.String, java.lang.String, java.lang.String, java.lang.String, java.lang.String, java.lang.String, java.lang.String, java.lang.String, java.lang.String, java.lang.String, java.lang.String, java.lang.String, java.lang.String, java.lang.String, java.lang.String, java.lang.String, java.lang.String, java.lang.String, java.lang.String, java.lang.String, java.lang.String, java.lang.String, java.lang.String, java.lang.String, java.lang.String, java.lang.String, java.lang.String, java.lang.String, java.lang.String, java.lang.String, java.lang.String, java.lang.String, java.lang.String)[pri:0, instance:test.AddMultipleCompanyDetailsTest@523884b2]" name="csvTest" duration-ms="37100" started-at="2016-09-28T09:20:26Z" data-provider="importedData" finished-at="2016-09-28T09:21:04Z">
          <params>
            <param index="0">
              <value>
                <![CDATA[1]]>
              </value>
            </param>
            <param index="1">
              <value>
                <![CDATA[U]]>
              </value>
            </param>
            <param index="2">
              <value>
                <![CDATA[A]]>
              </value>
            </param>
            <param index="3">
              <value>
                <![CDATA[0]]>
              </value>
            </param>
            <param index="4">
              <value>
                <![CDATA[JPMC Single Company Auto #3]]>
              </value>
            </param>
            <param index="5">
              <value>
                <![CDATA[321BankStreet]]>
              </value>
            </param>
            <param index="6">
              <value>
                <![CDATA[Montreal]]>
              </value>
            </param>
            <param index="7">
              <value>
                <![CDATA[QC]]>
              </value>
            </param>
            <param index="8">
              <value>
                <![CDATA[K0M1A0]]>
              </value>
            </param>
            <param index="9">
              <value>
                <![CDATA[AndrewPasquale]]>
              </value>
            </param>
            <param index="10">
              <value>
                <![CDATA[9999999999]]>
              </value>
            </param>
            <param index="11">
              <value>
                <![CDATA[9999999999]]>
              </value>
            </param>
            <param index="12">
              <value>
                <![CDATA[andrew.pasquale@telus.com]]>
              </value>
            </param>
            <param index="13">
              <value>
                <![CDATA[E]]>
              </value>
            </param>
            <param index="14">
              <value>
                <![CDATA[0]]>
              </value>
            </param>
            <param index="15">
              <value>
                <![CDATA[1000]]>
              </value>
            </param>
            <param index="16">
              <value>
                <![CDATA[]]>
              </value>
            </param>
            <param index="17">
              <value>
                <![CDATA[]]>
              </value>
            </param>
            <param index="18">
              <value>
                <![CDATA[9999]]>
              </value>
            </param>
            <param index="19">
              <value>
                <![CDATA[]]>
              </value>
            </param>
            <param index="20">
              <value>
                <![CDATA[1]]>
              </value>
            </param>
            <param index="21">
              <value>
                <![CDATA[0]]>
              </value>
            </param>
            <param index="22">
              <value>
                <![CDATA[N]]>
              </value>
            </param>
            <param index="23">
              <value>
                <![CDATA[N]]>
              </value>
            </param>
            <param index="24">
              <value>
                <![CDATA[Y]]>
              </value>
            </param>
            <param index="25">
              <value>
                <![CDATA[1.1]]>
              </value>
            </param>
            <param index="26">
              <value>
                <![CDATA[Y]]>
              </value>
            </param>
            <param index="27">
              <value>
                <![CDATA[1]]>
              </value>
            </param>
            <param index="28">
              <value>
                <![CDATA[Y]]>
              </value>
            </param>
            <param index="29">
              <value>
                <![CDATA[1.3]]>
              </value>
            </param>
            <param index="30">
              <value>
                <![CDATA[N]]>
              </value>
            </param>
            <param index="31">
              <value>
                <![CDATA[N]]>
              </value>
            </param>
            <param index="32">
              <value>
                <![CDATA[Y]]>
              </value>
            </param>
            <param index="33">
              <value>
                <![CDATA[1.5]]>
              </value>
            </param>
            <param index="34">
              <value>
                <![CDATA[Y]]>
              </value>
            </param>
            <param index="35">
              <value>
                <![CDATA[1.6]]>
              </value>
            </param>
            <param index="36">
              <value>
                <![CDATA[Y]]>
              </value>
            </param>
            <param index="37">
              <value>
                <![CDATA[1.7]]>
              </value>
            </param>
            <param index="38">
              <value>
                <![CDATA[N]]>
              </value>
            </param>
            <param index="39">
              <value>
                <![CDATA[N]]>
              </value>
            </param>
            <param index="40">
              <value>
                <![CDATA[Y]]>
              </value>
            </param>
            <param index="41">
              <value>
                <![CDATA[1.9]]>
              </value>
            </param>
            <param index="42">
              <value>
                <![CDATA[Y]]>
              </value>
            </param>
            <param index="43">
              <value>
                <![CDATA[0]]>
              </value>
            </param>
            <param index="44">
              <value>
                <![CDATA[Y]]>
              </value>
            </param>
            <param index="45">
              <value>
                <![CDATA[0]]>
              </value>
            </param>
            <param index="46">
              <value>
                <![CDATA[Y]]>
              </value>
            </param>
            <param index="47">
              <value>
                <![CDATA[12345]]>
              </value>
            </param>
            <param index="48">
              <value>
                <![CDATA[999999999]]>
              </value>
            </param>
            <param index="49">
              <value>
                <![CDATA[]]>
              </value>
            </param>
            <param index="50">
              <value>
                <![CDATA[N]]>
              </value>
            </param>
            <param index="51">
              <value>
                <![CDATA[]]>
              </value>
            </param>
            <param index="52">
              <value>
                <![CDATA[]]>
              </value>
            </param>
            <param index="53">
              <value>
                <![CDATA[]]>
              </value>
            </param>
            <param index="54">
              <value>
                <![CDATA[0]]>
              </value>
            </param>
            <param index="55">
              <value>
                <![CDATA[1]]>
              </value>
            </param>
          </params>
          <reporter-output>
          </reporter-output>
        </test-method> <!-- csvTest -->
        <test-method status="PASS" signature="csvTest(java.lang.String, java.lang.String, java.lang.String, java.lang.String, java.lang.String, java.lang.String, java.lang.String, java.lang.String, java.lang.String, java.lang.String, java.lang.String, java.lang.String, java.lang.String, java.lang.String, java.lang.String, java.lang.String, java.lang.String, java.lang.String, java.lang.String, java.lang.String, java.lang.String, java.lang.String, java.lang.String, java.lang.String, java.lang.String, java.lang.String, java.lang.String, java.lang.String, java.lang.String, java.lang.String, java.lang.String, java.lang.String, java.lang.String, java.lang.String, java.lang.String, java.lang.String, java.lang.String, java.lang.String, java.lang.String, java.lang.String, java.lang.String, java.lang.String, java.lang.String, java.lang.String, java.lang.String, java.lang.String, java.lang.String, java.lang.String, java.lang.String, java.lang.String, java.lang.String, java.lang.String, java.lang.String, java.lang.String, java.lang.String, java.lang.String)[pri:0, instance:test.AddMultipleCompanyDetailsTest@523884b2]" name="csvTest" duration-ms="40254" started-at="2016-09-28T09:21:04Z" data-provider="importedData" finished-at="2016-09-28T09:21:44Z">
          <params>
            <param index="0">
              <value>
                <![CDATA[1]]>
              </value>
            </param>
            <param index="1">
              <value>
                <![CDATA[U]]>
              </value>
            </param>
            <param index="2">
              <value>
                <![CDATA[A]]>
              </value>
            </param>
            <param index="3">
              <value>
                <![CDATA[0]]>
              </value>
            </param>
            <param index="4">
              <value>
                <![CDATA[KEB Single Company Auto #4]]>
              </value>
            </param>
            <param index="5">
              <value>
                <![CDATA[321BankStreet]]>
              </value>
            </param>
            <param index="6">
              <value>
                <![CDATA[Montreal]]>
              </value>
            </param>
            <param index="7">
              <value>
                <![CDATA[QC]]>
              </value>
            </param>
            <param index="8">
              <value>
                <![CDATA[K0M1A0]]>
              </value>
            </param>
            <param index="9">
              <value>
                <![CDATA[AndrewPasquale]]>
              </value>
            </param>
            <param index="10">
              <value>
                <![CDATA[9999999999]]>
              </value>
            </param>
            <param index="11">
              <value>
                <![CDATA[9999999999]]>
              </value>
            </param>
            <param index="12">
              <value>
                <![CDATA[andrew.pasquale@telus.com]]>
              </value>
            </param>
            <param index="13">
              <value>
                <![CDATA[E]]>
              </value>
            </param>
            <param index="14">
              <value>
                <![CDATA[0]]>
              </value>
            </param>
            <param index="15">
              <value>
                <![CDATA[1000]]>
              </value>
            </param>
            <param index="16">
              <value>
                <![CDATA[]]>
              </value>
            </param>
            <param index="17">
              <value>
                <![CDATA[]]>
              </value>
            </param>
            <param index="18">
              <value>
                <![CDATA[9999]]>
              </value>
            </param>
            <param index="19">
              <value>
                <![CDATA[]]>
              </value>
            </param>
            <param index="20">
              <value>
                <![CDATA[1]]>
              </value>
            </param>
            <param index="21">
              <value>
                <![CDATA[0]]>
              </value>
            </param>
            <param index="22">
              <value>
                <![CDATA[N]]>
              </value>
            </param>
            <param index="23">
              <value>
                <![CDATA[N]]>
              </value>
            </param>
            <param index="24">
              <value>
                <![CDATA[Y]]>
              </value>
            </param>
            <param index="25">
              <value>
                <![CDATA[1.1]]>
              </value>
            </param>
            <param index="26">
              <value>
                <![CDATA[Y]]>
              </value>
            </param>
            <param index="27">
              <value>
                <![CDATA[1]]>
              </value>
            </param>
            <param index="28">
              <value>
                <![CDATA[Y]]>
              </value>
            </param>
            <param index="29">
              <value>
                <![CDATA[1.3]]>
              </value>
            </param>
            <param index="30">
              <value>
                <![CDATA[N]]>
              </value>
            </param>
            <param index="31">
              <value>
                <![CDATA[N]]>
              </value>
            </param>
            <param index="32">
              <value>
                <![CDATA[Y]]>
              </value>
            </param>
            <param index="33">
              <value>
                <![CDATA[1.5]]>
              </value>
            </param>
            <param index="34">
              <value>
                <![CDATA[Y]]>
              </value>
            </param>
            <param index="35">
              <value>
                <![CDATA[1.6]]>
              </value>
            </param>
            <param index="36">
              <value>
                <![CDATA[Y]]>
              </value>
            </param>
            <param index="37">
              <value>
                <![CDATA[1.7]]>
              </value>
            </param>
            <param index="38">
              <value>
                <![CDATA[N]]>
              </value>
            </param>
            <param index="39">
              <value>
                <![CDATA[N]]>
              </value>
            </param>
            <param index="40">
              <value>
                <![CDATA[Y]]>
              </value>
            </param>
            <param index="41">
              <value>
                <![CDATA[1.9]]>
              </value>
            </param>
            <param index="42">
              <value>
                <![CDATA[Y]]>
              </value>
            </param>
            <param index="43">
              <value>
                <![CDATA[0]]>
              </value>
            </param>
            <param index="44">
              <value>
                <![CDATA[Y]]>
              </value>
            </param>
            <param index="45">
              <value>
                <![CDATA[0]]>
              </value>
            </param>
            <param index="46">
              <value>
                <![CDATA[Y]]>
              </value>
            </param>
            <param index="47">
              <value>
                <![CDATA[12345]]>
              </value>
            </param>
            <param index="48">
              <value>
                <![CDATA[999999999]]>
              </value>
            </param>
            <param index="49">
              <value>
                <![CDATA[]]>
              </value>
            </param>
            <param index="50">
              <value>
                <![CDATA[N]]>
              </value>
            </param>
            <param index="51">
              <value>
                <![CDATA[]]>
              </value>
            </param>
            <param index="52">
              <value>
                <![CDATA[]]>
              </value>
            </param>
            <param index="53">
              <value>
                <![CDATA[]]>
              </value>
            </param>
            <param index="54">
              <value>
                <![CDATA[0]]>
              </value>
            </param>
            <param index="55">
              <value>
                <![CDATA[1]]>
              </value>
            </param>
          </params>
          <reporter-output>
          </reporter-output>
        </test-method> <!-- csvTest -->
      </class> <!-- test.AddMultipleCompanyDetailsTest -->
    </test> <!-- Default test -->
  </suite> <!-- Default suite -->
</testng-results>
